# JRE version: OpenJDK Runtime Environment (8.0_242) (build 1.8.0_242-release-1644-b3-6222593)
# Java VM: OpenJDK 64-Bit Server VM (25.242-b3-6222593 mixed mode linux-amd64 compressed oops)
Heap:
 PSYoungGen      total 500736K, used 54771K [0x00000000d5580000, 0x00000000f8000000, 0x0000000100000000)
  eden space 445952K, 0% used [0x00000000d5580000,0x00000000d5580000,0x00000000f0900000)
  from space 54784K, 99% used [0x00000000f0900000,0x00000000f3e7cdb8,0x00000000f3e80000)
  to   space 28160K, 0% used [0x00000000f3e80000,0x00000000f3e80000,0x00000000f5a00000)
 ParOldGen       total 184832K, used 111260K [0x0000000080000000, 0x000000008b480000, 0x00000000d5580000)
  object space 184832K, 60% used [0x0000000080000000,0x0000000086ca7310,0x000000008b480000)
 Metaspace       used 86467K, capacity 90448K, committed 90792K, reserved 1128448K
  class space    used 11577K, capacity 12367K, committed 12464K, reserved 1048576K
GC Heap History (10 events):
Event: 13.585 GC heap after
Heap after GC invocations=12 (full 2):
 PSYoungGen      total 365056K, used 16981K [0x00000000d5580000, 0x00000000ed200000, 0x0000000100000000)
  eden space 343552K, 0% used [0x00000000d5580000,0x00000000d5580000,0x00000000ea500000)
  from space 21504K, 78% used [0x00000000ebd00000,0x00000000ecd954f0,0x00000000ed200000)
  to   space 23040K, 0% used [0x00000000ea500000,0x00000000ea500000,0x00000000ebb80000)
 ParOldGen       total 62464K, used 29217K [0x0000000080000000, 0x0000000083d00000, 0x00000000d5580000)
  object space 62464K, 46% used [0x0000000080000000,0x0000000081c886f8,0x0000000083d00000)
 Metaspace       used 57103K, capacity 59122K, committed 59160K, reserved 1099776K
  class space    used 7842K, capacity 8332K, committed 8368K, reserved 1048576K
}
Event: 13.585 GC heap before
{Heap before GC invocations=13 (full 3):
 PSYoungGen      total 365056K, used 16981K [0x00000000d5580000, 0x00000000ed200000, 0x0000000100000000)
  eden space 343552K, 0% used [0x00000000d5580000,0x00000000d5580000,0x00000000ea500000)
  from space 21504K, 78% used [0x00000000ebd00000,0x00000000ecd954f0,0x00000000ed200000)
  to   space 23040K, 0% used [0x00000000ea500000,0x00000000ea500000,0x00000000ebb80000)
 ParOldGen       total 62464K, used 29217K [0x0000000080000000, 0x0000000083d00000, 0x00000000d5580000)
  object space 62464K, 46% used [0x0000000080000000,0x0000000081c886f8,0x0000000083d00000)
 Metaspace       used 57103K, capacity 59122K, committed 59160K, reserved 1099776K
  class space    used 7842K, capacity 8332K, committed 8368K, reserved 1048576K
Event: 13.994 GC heap after
Heap after GC invocations=13 (full 3):
 PSYoungGen      total 365056K, used 0K [0x00000000d5580000, 0x00000000ed200000, 0x0000000100000000)
  eden space 343552K, 0% used [0x00000000d5580000,0x00000000d5580000,0x00000000ea500000)
  from space 21504K, 0% used [0x00000000ebd00000,0x00000000ebd00000,0x00000000ed200000)
  to   space 23040K, 0% used [0x00000000ea500000,0x00000000ea500000,0x00000000ebb80000)
 ParOldGen       total 87552K, used 29690K [0x0000000080000000, 0x0000000085580000, 0x00000000d5580000)
  object space 87552K, 33% used [0x0000000080000000,0x0000000081cfe998,0x0000000085580000)
 Metaspace       used 57086K, capacity 59062K, committed 59160K, reserved 1099776K
  class space    used 7836K, capacity 8322K, committed 8368K, reserved 1048576K
}
Event: 77.902 GC heap before
{Heap before GC invocations=14 (full 3):
 PSYoungGen      total 365056K, used 343552K [0x00000000d5580000, 0x00000000ed200000, 0x0000000100000000)
  eden space 343552K, 100% used [0x00000000d5580000,0x00000000ea500000,0x00000000ea500000)
  from space 21504K, 0% used [0x00000000ebd00000,0x00000000ebd00000,0x00000000ed200000)
  to   space 23040K, 0% used [0x00000000ea500000,0x00000000ea500000,0x00000000ebb80000)
 ParOldGen       total 87552K, used 29690K [0x0000000080000000, 0x0000000085580000, 0x00000000d5580000)
  object space 87552K, 33% used [0x0000000080000000,0x0000000081cfe998,0x0000000085580000)
 Metaspace       used 69743K, capacity 72772K, committed 73128K, reserved 1112064K
  class space    used 9431K, capacity 10045K, committed 10160K, reserved 1048576K
Event: 77.973 GC heap after
Heap after GC invocations=14 (full 3):
 PSYoungGen      total 366592K, used 23023K [0x00000000d5580000, 0x00000000f5a00000, 0x0000000100000000)
  eden space 343552K, 0% used [0x00000000d5580000,0x00000000d5580000,0x00000000ea500000)
  from space 23040K, 99% used [0x00000000ea500000,0x00000000ebb7bea0,0x00000000ebb80000)
  to   space 28160K, 0% used [0x00000000f3e80000,0x00000000f3e80000,0x00000000f5a00000)
 ParOldGen       total 87552K, used 33790K [0x0000000080000000, 0x0000000085580000, 0x00000000d5580000)
  object space 87552K, 38% used [0x0000000080000000,0x00000000820ffa60,0x0000000085580000)
 Metaspace       used 69743K, capacity 72772K, committed 73128K, reserved 1112064K
  class space    used 9431K, capacity 10045K, committed 10160K, reserved 1048576K
}
Event: 538.005 GC heap before
{Heap before GC invocations=15 (full 3):
 PSYoungGen      total 366592K, used 366575K [0x00000000d5580000, 0x00000000f5a00000, 0x0000000100000000)
  eden space 343552K, 100% used [0x00000000d5580000,0x00000000ea500000,0x00000000ea500000)
  from space 23040K, 99% used [0x00000000ea500000,0x00000000ebb7bea0,0x00000000ebb80000)
  to   space 28160K, 0% used [0x00000000f3e80000,0x00000000f3e80000,0x00000000f5a00000)
 ParOldGen       total 87552K, used 33790K [0x0000000080000000, 0x0000000085580000, 0x00000000d5580000)
  object space 87552K, 38% used [0x0000000080000000,0x00000000820ffa60,0x0000000085580000)
 Metaspace       used 84102K, capacity 88226K, committed 88360K, reserved 1126400K
  class space    used 11442K, capacity 12216K, committed 12336K, reserved 1048576K
Event: 538.161 GC heap after
Heap after GC invocations=15 (full 3):
 PSYoungGen      total 474112K, used 28153K [0x00000000d5580000, 0x00000000f8000000, 0x0000000100000000)
  eden space 445952K, 0% used [0x00000000d5580000,0x00000000d5580000,0x00000000f0900000)
  from space 28160K, 99% used [0x00000000f3e80000,0x00000000f59fe430,0x00000000f5a00000)
  to   space 54784K, 0% used [0x00000000f0900000,0x00000000f0900000,0x00000000f3e80000)
 ParOldGen       total 95744K, used 93628K [0x0000000080000000, 0x0000000085d80000, 0x00000000d5580000)
  object space 95744K, 97% used [0x0000000080000000,0x0000000085b6f128,0x0000000085d80000)
 Metaspace       used 84102K, capacity 88226K, committed 88360K, reserved 1126400K
  class space    used 11442K, capacity 12216K, committed 12336K, reserved 1048576K
}
Event: 538.161 GC heap before
{Heap before GC invocations=16 (full 4):
 PSYoungGen      total 474112K, used 28153K [0x00000000d5580000, 0x00000000f8000000, 0x0000000100000000)
  eden space 445952K, 0% used [0x00000000d5580000,0x00000000d5580000,0x00000000f0900000)
  from space 28160K, 99% used [0x00000000f3e80000,0x00000000f59fe430,0x00000000f5a00000)
  to   space 54784K, 0% used [0x00000000f0900000,0x00000000f0900000,0x00000000f3e80000)
 ParOldGen       total 95744K, used 93628K [0x0000000080000000, 0x0000000085d80000, 0x00000000d5580000)
  object space 95744K, 97% used [0x0000000080000000,0x0000000085b6f128,0x0000000085d80000)
 Metaspace       used 84102K, capacity 88226K, committed 88360K, reserved 1126400K
  class space    used 11442K, capacity 12216K, committed 12336K, reserved 1048576K
Event: 538.862 GC heap after
Heap after GC invocations=16 (full 4):
 PSYoungGen      total 474112K, used 8157K [0x00000000d5580000, 0x00000000f8000000, 0x0000000100000000)
  eden space 445952K, 0% used [0x00000000d5580000,0x00000000d5580000,0x00000000f0900000)
  from space 28160K, 28% used [0x00000000f3e80000,0x00000000f4677788,0x00000000f5a00000)
  to   space 54784K, 0% used [0x00000000f0900000,0x00000000f0900000,0x00000000f3e80000)
 ParOldGen       total 184832K, used 95273K [0x0000000080000000, 0x000000008b480000, 0x00000000d5580000)
  object space 184832K, 51% used [0x0000000080000000,0x0000000085d0a690,0x000000008b480000)
 Metaspace       used 83867K, capacity 87564K, committed 88360K, reserved 1126400K
  class space    used 11367K, capacity 12083K, committed 12336K, reserved 1048576K
}
Event: 2404.858 GC heap before
{Heap before GC invocations=17 (full 4):
 PSYoungGen      total 474112K, used 454109K [0x00000000d5580000, 0x00000000f8000000, 0x0000000100000000)
  eden space 445952K, 100% used [0x00000000d5580000,0x00000000f0900000,0x00000000f0900000)
  from space 28160K, 28% used [0x00000000f3e80000,0x00000000f4677788,0x00000000f5a00000)
  to   space 54784K, 0% used [0x00000000f0900000,0x00000000f0900000,0x00000000f3e80000)
 ParOldGen       total 184832K, used 95273K [0x0000000080000000, 0x000000008b480000, 0x00000000d5580000)
  object space 184832K, 51% used [0x0000000080000000,0x0000000085d0a690,0x000000008b480000)
 Metaspace       used 86467K, capacity 90448K, committed 90792K, reserved 1128448K
  class space    used 11577K, capacity 12367K, committed 12464K, reserved 1048576K

